[tradeit.gg/index.html]
[backblue.gif]
[fade.gif]
[index.html]
[tradeit.gg/seo-1200-630.png]
[tradeit.gg/favicon.ico]
[mc.yandex.ru/metrika/tag.js]
[cdn.jsdelivr.net/npm/@mdi/font@latest/css/materialdesignicons.min.css]
[tradeit.gg/ru.html]
[tradeit.gg/es.html]
[tradeit.gg/pt.html]
[tradeit.gg/tr.html]
[tradeit.gg/pl.html]
[tradeit.gg/zh.html]
[tradeit.gg/ro.html]
[tradeit.gg/nl.html]
[tradeit.gg/sv.html]
[tradeit.gg/fr.html]
[tradeit.gg/no.html]
[tradeit.gg/da.html]
[rum-static.pingdom.net/pa-612a40e810d34f0011000038.js]
[static.ads-twitter.com/oct.js]
[tradeit.gg/fi.html]
[tradeit.gg/analytics/clarity.js]
[tradeit.gg/analytics/bing.js]
[tradeit.gg/analytics/facebook-pixel.js]
[tradeit.gg/analytics/ga.js]
[tradeit.gg/analytics/gtag.js]
[tradeit.gg/analytics/yandex.js]
[tradeit.gg/analytics/criteo.js]
[tradeit.gg/analytics/tiktok.js]
[tradeit.gg/analytics/twitter.js]
[tradeit.gg/analytics/snap.js]
[tradeit.gg/analytics2c70.js]
[tradeit.gg/_nuxt/fb5891a.js]
[tradeit.gg/_nuxt/d74611f.js]
[tradeit.gg/_nuxt/css/166d37d.css]
[tradeit.gg/_nuxt/1770fa4.js]
[tradeit.gg/_nuxt/css/971bda7.css]
[tradeit.gg/_nuxt/c7abe1d.js]
[tradeit.gg/_nuxt/css/d3c246b.css]
[tradeit.gg/_nuxt/542796c.js]
[tradeit.gg/csgo/trade.html]
[tradeit.gg/index1db3.html]
[tradeit.gg/csgo/store.html]
[tradeit.gg/invest.html]
[tradeit.gg/giveaway.html]
[tradeit.gg/_nuxt/img/en.be8de98.svg]
[tradeit.gg/affiliate.html]
[tradeit.gg/tos.html]
[tradeit.gg/privacy.html]
[tradeit.gg/cookie.html]
[tradeit.gg/index.html]
[cdn.jsdelivr.net/npm/@mdi/font@latest/css/materialdesignicons.min.css]
[tradeit.gg/cdn-cgi/scripts/7d0fa10a/cloudflare-static/rocket-loader.min.js]
[tradeit.gg/ru1db3.html]
[tradeit.gg/ru/csgo/trade.html]
[tradeit.gg/ru/csgo/store.html]
[tradeit.gg/ru/invest.html]
[tradeit.gg/ru/giveaway.html]
[tradeit.gg/ru/affiliate.html]
[tradeit.gg/ru/tos.html]
[tradeit.gg/ru/privacy.html]
[tradeit.gg/ru.html]
[tradeit.gg/ru/cookie.html]
[tradeit.gg/es1db3.html]
[tradeit.gg/es/csgo/trade.html]
[tradeit.gg/es/csgo/store.html]
[tradeit.gg/es/invest.html]
[tradeit.gg/es/giveaway.html]
[tradeit.gg/es/affiliate.html]
[tradeit.gg/es/tos.html]
[tradeit.gg/es/privacy.html]
[tradeit.gg/es.html]
[tradeit.gg/es/cookie.html]
[tradeit.gg/pt1db3.html]
[tradeit.gg/pt/csgo/trade.html]
[tradeit.gg/pt/csgo/store.html]
[tradeit.gg/pt/invest.html]
[tradeit.gg/pt/giveaway.html]
[tradeit.gg/_nuxt/img/pt.ec321ab.svg]
[tradeit.gg/pt/affiliate.html]
[tradeit.gg/pt/tos.html]
[tradeit.gg/pt/privacy.html]
[tradeit.gg/pt.html]
[tradeit.gg/pt/cookie.html]
[tradeit.gg/tr1db3.html]
[tradeit.gg/tr/csgo/trade.html]
[tradeit.gg/tr/csgo/store.html]
[tradeit.gg/tr/invest.html]
[tradeit.gg/tr/giveaway.html]
[tradeit.gg/_nuxt/img/tr.8770749.svg]
[tradeit.gg/tr/affiliate.html]
[tradeit.gg/tr/tos.html]
[tradeit.gg/tr/privacy.html]
[tradeit.gg/tr.html]
[tradeit.gg/tr/cookie.html]
[tradeit.gg/pl1db3.html]
[tradeit.gg/pl/csgo/trade.html]
[tradeit.gg/pl/csgo/store.html]
[tradeit.gg/pl/invest.html]
[tradeit.gg/pl/giveaway.html]
[tradeit.gg/pl/affiliate.html]
[tradeit.gg/pl/tos.html]
[tradeit.gg/pl/privacy.html]
[tradeit.gg/pl.html]
[tradeit.gg/pl/cookie.html]
[tradeit.gg/zh1db3.html]
[tradeit.gg/zh/csgo/trade.html]
[tradeit.gg/zh/csgo/store.html]
[tradeit.gg/zh/invest.html]
[tradeit.gg/zh/giveaway.html]
[tradeit.gg/zh/affiliate.html]
[tradeit.gg/zh/tos.html]
[tradeit.gg/zh/privacy.html]
[tradeit.gg/zh.html]
[tradeit.gg/zh/cookie.html]
[tradeit.gg/ro1db3.html]
[tradeit.gg/ro/csgo/trade.html]
[tradeit.gg/ro/csgo/store.html]
[tradeit.gg/ro/invest.html]
[tradeit.gg/ro/giveaway.html]
[tradeit.gg/ro/affiliate.html]
[tradeit.gg/ro/tos.html]
[tradeit.gg/ro/privacy.html]
[tradeit.gg/ro.html]
[tradeit.gg/ro/cookie.html]
[tradeit.gg/nl1db3.html]
[tradeit.gg/nl/csgo/trade.html]
[tradeit.gg/nl/csgo/store.html]
[tradeit.gg/nl/invest.html]
[tradeit.gg/nl/giveaway.html]
[tradeit.gg/_nuxt/img/nl.fa27f55.svg]
[tradeit.gg/nl/affiliate.html]
[tradeit.gg/nl/tos.html]
[tradeit.gg/nl/privacy.html]
[tradeit.gg/nl.html]
[tradeit.gg/nl/cookie.html]
[tradeit.gg/sv1db3.html]
[tradeit.gg/sv/csgo/trade.html]
[tradeit.gg/sv/csgo/store.html]
[tradeit.gg/sv/invest.html]
[tradeit.gg/sv/giveaway.html]
[tradeit.gg/sv/affiliate.html]
[tradeit.gg/sv/tos.html]
[tradeit.gg/sv/privacy.html]
[tradeit.gg/sv.html]
[tradeit.gg/sv/cookie.html]
[tradeit.gg/fr1db3.html]
[tradeit.gg/fr/csgo/trade.html]
[tradeit.gg/fr/csgo/store.html]
[tradeit.gg/fr/invest.html]
[tradeit.gg/fr/giveaway.html]
[tradeit.gg/fr/affiliate.html]
[tradeit.gg/fr/tos.html]
[tradeit.gg/fr/privacy.html]
[tradeit.gg/fr.html]
[tradeit.gg/fr/cookie.html]
[tradeit.gg/no1db3.html]
[tradeit.gg/no/csgo/trade.html]
[tradeit.gg/no/csgo/store.html]
[tradeit.gg/no/invest.html]
[tradeit.gg/no/giveaway.html]
[tradeit.gg/no/affiliate.html]
[tradeit.gg/no/tos.html]
[tradeit.gg/no/privacy.html]
[tradeit.gg/no.html]
[tradeit.gg/no/cookie.html]
[tradeit.gg/da1db3.html]
[tradeit.gg/da/csgo/trade.html]
[tradeit.gg/da/csgo/store.html]
[tradeit.gg/da/invest.html]
[tradeit.gg/da/giveaway.html]
[tradeit.gg/da/affiliate.html]
[tradeit.gg/da/tos.html]
[tradeit.gg/da/privacy.html]
[tradeit.gg/da.html]
[tradeit.gg/da/cookie.html]
[tradeit.gg/fi1db3.html]
[tradeit.gg/fi/csgo/trade.html]
[tradeit.gg/fi/csgo/store.html]
[tradeit.gg/fi/invest.html]
[tradeit.gg/fi/giveaway.html]
[tradeit.gg/fi/affiliate.html]
[tradeit.gg/fi/tos.html]
[tradeit.gg/fi/privacy.html]
[tradeit.gg/fi.html]
[tradeit.gg/fi/cookie.html]
[tradeit.gg/_nuxt/fonts/fa-solid-900.dcddb71.eot]
[tradeit.gg/_nuxt/fonts/fa-solid-900.dcddb71d41d.eot]
[tradeit.gg/_nuxt/fonts/fa-solid-900.54dfc8f.woff2]
[tradeit.gg/_nuxt/fonts/fa-solid-900.6057f0f.woff]
[tradeit.gg/_nuxt/fonts/fa-solid-900.601a184.ttf]
[tradeit.gg/_nuxt/img/fa-solid-900.ceb187c.svg]
[tradeit.gg/_nuxt/fonts/fa-regular-400.1c9c47c.eot]
[tradeit.gg/_nuxt/fonts/fa-regular-400.33904a1.woff2]
[tradeit.gg/_nuxt/fonts/fa-regular-400.1c9c47cd41d.eot]
[tradeit.gg/_nuxt/fonts/fa-regular-400.126e4e1.woff]
[tradeit.gg/_nuxt/fonts/fa-regular-400.2e9a4f2.ttf]
[tradeit.gg/_nuxt/img/fa-regular-400.1a812d8.svg]
[tradeit.gg/_nuxt/fonts/fa-light-300.ab918e7.eot]
[tradeit.gg/_nuxt/fonts/fa-light-300.d3271a5.woff2]
[tradeit.gg/_nuxt/fonts/fa-light-300.ab918e7d41d.eot]
[tradeit.gg/_nuxt/fonts/fa-light-300.8df5888.woff]
[tradeit.gg/_nuxt/fonts/fa-light-300.431c25f.ttf]
[tradeit.gg/_nuxt/img/fa-light-300.76f70e6.svg]
[tradeit.gg/_nuxt/fonts/fa-brands-400.2ac0cbf.eot]
[tradeit.gg/_nuxt/fonts/fa-brands-400.2ac0cbfd41d.eot]
[tradeit.gg/_nuxt/fonts/fa-brands-400.df56145.woff2]
[tradeit.gg/_nuxt/fonts/fa-brands-400.92ee102.woff]
[tradeit.gg/_nuxt/fonts/fa-brands-400.aa21aa2.ttf]
[tradeit.gg/_nuxt/css/166d37d.css]
[tradeit.gg/_nuxt/img/fa-brands-400.363e840.svg]
[tradeit.gg/_nuxt/img/blackfriday.ea1eccc.png]
[tradeit.gg/_nuxt/img/bump-1.f352199.jpg]
[tradeit.gg/_nuxt/img/bump-2.89b67c8.jpg]
[tradeit.gg/_nuxt/css/971bda7.css]
[tradeit.gg/_nuxt/img/hero-bg.d418ba7.jpg]
[tradeit.gg/_nuxt/img/video-lightning.c8fa6c7.png]
[tradeit.gg/_nuxt/img/video-lightning.d9d18bd.png]
[tradeit.gg/_nuxt/img/skins.6224088.png]
[tradeit.gg/_nuxt/img/skins.5610362.png]
[tradeit.gg/_nuxt/img/faq.a3cd8a8.jpg]
[tradeit.gg/_nuxt/css/d3c246b.css]
[tradeit.gg/invest1db3.html]
[tradeit.gg/giveaway1db3.html]
[tradeit.gg/index1db3.html]
[tradeit.gg/csgo/trade1db3.html]
[tradeit.gg/_nuxt/css/be0d614.css]
[tradeit.gg/_nuxt/9c9c38d.js]
[tradeit.gg/_nuxt/559c981.js]
[tradeit.gg/_nuxt/css/e0fc074.css]
[tradeit.gg/_nuxt/899956a.js]
[tradeit.gg/_nuxt/css/776f224.css]
[tradeit.gg/_nuxt/de6d0be.js]
[tradeit.gg/csgo/trade.html]
[tradeit.gg/_nuxt/71235cf.js]
[tradeit.gg/csgo/store.html]
[tradeit.gg/_nuxt/2bafcf2.js]
[tradeit.gg/_nuxt/css/994c458.css]
[tradeit.gg/_nuxt/87494f5.js]
[tradeit.gg/_nuxt/3fe0ee3.js]
[tradeit.gg/_nuxt/e9dbf80.js]
[tradeit.gg/_/_nuxt/img/invest.0c96a06.png_]
[tradeit.gg/invest.html]
[tradeit.gg/_nuxt/css/5b9277e.css]
[tradeit.gg/_nuxt/ebd1420.js]
[tradeit.gg/_nuxt/css/294fcf3.css]
[tradeit.gg/_nuxt/dd0ba1c.js]
[tradeit.gg/_nuxt/css/6d0f4e7.css]
[tradeit.gg/giveaway.html]
[tradeit.gg/_nuxt/img/en.be8de98.svg]
[tradeit.gg/_nuxt/9bfe5b7.js]
[tradeit.gg/_nuxt/css/9fc46c4.css]
[tradeit.gg/affiliate.html]
[tradeit.gg/_nuxt/56ebf15.js]
[tradeit.gg/_nuxt/css/505c688.css]
[tradeit.gg/tos.html]
[tradeit.gg/_nuxt/d137b00.js]
[tradeit.gg/_nuxt/css/ed29e37.css]
[tradeit.gg/privacy.html]
[tradeit.gg/_nuxt/12c7d94.js]
[tradeit.gg/_nuxt/css/60b7008.css]
[tradeit.gg/cookie.html]
[tradeit.gg/_nuxt/ce8318f.js]
[tradeit.gg/ru/invest1db3.html]
[tradeit.gg/ru/giveaway1db3.html]
[tradeit.gg/ru1db3.html]
[tradeit.gg/ru/csgo/trade.html]
[tradeit.gg/ru/csgo/store.html]
[tradeit.gg/ru/csgo/trade1db3.html]
[tradeit.gg/ru/_/_nuxt/img/invest.0c96a06.png_]
[tradeit.gg/ru/invest.html]
[tradeit.gg/ru/giveaway.html]
[tradeit.gg/ru/affiliate.html]
[tradeit.gg/ru/tos.html]
[tradeit.gg/ru/privacy.html]
[tradeit.gg/ru/cookie.html]
[tradeit.gg/es/invest1db3.html]
[tradeit.gg/es/giveaway1db3.html]
[tradeit.gg/es1db3.html]
[tradeit.gg/es/csgo/trade.html]
[tradeit.gg/es/csgo/store.html]
[tradeit.gg/es/csgo/trade1db3.html]
[tradeit.gg/es/_/_nuxt/img/invest.0c96a06.png_]
[tradeit.gg/es/invest.html]
[tradeit.gg/es/giveaway.html]
[tradeit.gg/es/affiliate.html]
[tradeit.gg/es/tos.html]
[tradeit.gg/es/privacy.html]
[tradeit.gg/es/cookie.html]
[tradeit.gg/pt/invest1db3.html]
[tradeit.gg/pt/giveaway1db3.html]
[tradeit.gg/pt1db3.html]
[tradeit.gg/pt/csgo/trade.html]
[tradeit.gg/pt/csgo/store.html]
[tradeit.gg/pt/csgo/trade1db3.html]
[tradeit.gg/pt/_/_nuxt/img/invest.0c96a06.png_]
[tradeit.gg/pt/invest.html]
[tradeit.gg/pt/giveaway.html]
[tradeit.gg/_nuxt/img/pt.ec321ab.svg]
[tradeit.gg/pt/affiliate.html]
[tradeit.gg/pt/tos.html]
[tradeit.gg/pt/privacy.html]
[tradeit.gg/pt/cookie.html]
[tradeit.gg/tr/invest1db3.html]
[tradeit.gg/tr/giveaway1db3.html]
[tradeit.gg/tr1db3.html]
[tradeit.gg/tr/csgo/trade.html]
[tradeit.gg/tr/csgo/store.html]
[tradeit.gg/tr/csgo/trade1db3.html]
[tradeit.gg/tr/_/_nuxt/img/invest.0c96a06.png_]
[tradeit.gg/tr/invest.html]
[tradeit.gg/tr/giveaway.html]
[tradeit.gg/_nuxt/img/tr.8770749.svg]
[tradeit.gg/tr/affiliate.html]
[tradeit.gg/tr/tos.html]
[tradeit.gg/tr/privacy.html]
[tradeit.gg/tr/cookie.html]
[tradeit.gg/pl/invest1db3.html]
[tradeit.gg/pl/giveaway1db3.html]
[tradeit.gg/pl1db3.html]
[tradeit.gg/pl/csgo/trade.html]
[tradeit.gg/pl/csgo/store.html]
[tradeit.gg/pl/csgo/trade1db3.html]
[tradeit.gg/pl/_/_nuxt/img/invest.0c96a06.png_]
[tradeit.gg/pl/invest.html]
[tradeit.gg/pl/giveaway.html]
[tradeit.gg/pl/affiliate.html]
[tradeit.gg/pl/tos.html]
[tradeit.gg/pl/privacy.html]
[tradeit.gg/pl/cookie.html]
[tradeit.gg/zh/invest1db3.html]
[tradeit.gg/zh/giveaway1db3.html]
[tradeit.gg/zh1db3.html]
[tradeit.gg/zh/csgo/trade.html]
[tradeit.gg/zh/csgo/store.html]
[tradeit.gg/zh/csgo/trade1db3.html]
[tradeit.gg/zh/_/_nuxt/img/invest.0c96a06.png_]
[tradeit.gg/zh/invest.html]
[tradeit.gg/zh/giveaway.html]
[tradeit.gg/zh/affiliate.html]
[tradeit.gg/zh/tos.html]
[tradeit.gg/zh/privacy.html]
[tradeit.gg/zh/cookie.html]
[tradeit.gg/ro/invest1db3.html]
[tradeit.gg/ro/giveaway1db3.html]
[tradeit.gg/ro1db3.html]
[tradeit.gg/ro/csgo/trade.html]
[tradeit.gg/ro/csgo/store.html]
[tradeit.gg/ro/csgo/trade1db3.html]
[tradeit.gg/ro/_/_nuxt/img/invest.0c96a06.png_]
[tradeit.gg/ro/invest.html]
[tradeit.gg/ro/giveaway.html]
[tradeit.gg/ro/affiliate.html]
[tradeit.gg/ro/tos.html]
[tradeit.gg/ro/privacy.html]
[tradeit.gg/ro/cookie.html]
[tradeit.gg/nl/invest1db3.html]
[tradeit.gg/nl/giveaway1db3.html]
[tradeit.gg/nl1db3.html]
[tradeit.gg/nl/csgo/trade.html]
[tradeit.gg/nl/csgo/store.html]
[tradeit.gg/nl/csgo/trade1db3.html]
[tradeit.gg/nl/_/_nuxt/img/invest.0c96a06.png_]
[tradeit.gg/nl/invest.html]
[tradeit.gg/nl/giveaway.html]
[tradeit.gg/_nuxt/img/nl.fa27f55.svg]
[tradeit.gg/nl/affiliate.html]
[tradeit.gg/nl/tos.html]
[tradeit.gg/nl/privacy.html]
[tradeit.gg/nl/cookie.html]
[tradeit.gg/sv/invest1db3.html]
[tradeit.gg/sv/giveaway1db3.html]
[tradeit.gg/sv1db3.html]
[tradeit.gg/sv/csgo/trade.html]
[tradeit.gg/sv/csgo/store.html]
[tradeit.gg/sv/csgo/trade1db3.html]
[tradeit.gg/sv/_/_nuxt/img/invest.0c96a06.png_]
[tradeit.gg/sv/invest.html]
[tradeit.gg/sv/giveaway.html]
[tradeit.gg/sv/affiliate.html]
[tradeit.gg/sv/tos.html]
[tradeit.gg/sv/privacy.html]
[tradeit.gg/sv/cookie.html]
[tradeit.gg/fr/invest1db3.html]
[tradeit.gg/fr/giveaway1db3.html]
[tradeit.gg/fr1db3.html]
[tradeit.gg/fr/csgo/trade.html]
[tradeit.gg/fr/csgo/store.html]
[tradeit.gg/fr/csgo/trade1db3.html]
[tradeit.gg/fr/_/_nuxt/img/invest.0c96a06.png_]
[tradeit.gg/fr/invest.html]
[tradeit.gg/fr/giveaway.html]
[tradeit.gg/fr/affiliate.html]
[tradeit.gg/fr/tos.html]
[tradeit.gg/fr/privacy.html]
[tradeit.gg/fr/cookie.html]
[tradeit.gg/no/invest1db3.html]
[tradeit.gg/no/giveaway1db3.html]
[tradeit.gg/no1db3.html]
[tradeit.gg/no/csgo/trade.html]
[tradeit.gg/no/csgo/store.html]
[tradeit.gg/no/csgo/trade1db3.html]
[tradeit.gg/no/_/_nuxt/img/invest.0c96a06.png_]
[tradeit.gg/no/invest.html]
[tradeit.gg/no/giveaway.html]
[tradeit.gg/no/affiliate.html]
[tradeit.gg/no/tos.html]
[tradeit.gg/no/privacy.html]
[tradeit.gg/no/cookie.html]
[tradeit.gg/da/invest1db3.html]
[tradeit.gg/da/giveaway1db3.html]
[tradeit.gg/da1db3.html]
[tradeit.gg/da/csgo/trade.html]
[tradeit.gg/da/csgo/store.html]
[tradeit.gg/da/csgo/trade1db3.html]
[tradeit.gg/da/_/_nuxt/img/invest.0c96a06.png_]
[tradeit.gg/da/invest.html]
[tradeit.gg/da/giveaway.html]
[tradeit.gg/da/affiliate.html]
[tradeit.gg/da/tos.html]
[tradeit.gg/da/privacy.html]
[tradeit.gg/da/cookie.html]
[tradeit.gg/fi/invest1db3.html]
[tradeit.gg/fi/giveaway1db3.html]
[tradeit.gg/fi1db3.html]
[tradeit.gg/fi/csgo/trade.html]
[tradeit.gg/fi/csgo/store.html]
[tradeit.gg/fi/csgo/trade1db3.html]
[tradeit.gg/fi/_/_nuxt/img/invest.0c96a06.png_]
[tradeit.gg/fi/invest.html]
[tradeit.gg/fi/giveaway.html]
[tradeit.gg/fi/affiliate.html]
[tradeit.gg/fi/tos.html]
[tradeit.gg/fi/privacy.html]
[tradeit.gg/fi/cookie.html]
[tradeit.gg/_nuxt/img/fa-solid-900.ceb187c.svg]
[tradeit.gg/_nuxt/img/fa-regular-400.1a812d8.svg]
[tradeit.gg/_nuxt/img/fa-light-300.76f70e6.svg]
[tradeit.gg/_nuxt/img/fa-brands-400.363e840.svg]
[tradeit.gg/invest1db3.html]
[tradeit.gg/giveaway1db3.html]
[tradeit.gg/csgo/trade1db3.html]
[tradeit.gg/_nuxt/css/be0d614.css]
[tradeit.gg/_nuxt/css/e0fc074.css]
[tradeit.gg/_nuxt/css/776f224.css]
[tradeit.gg/_nuxt/css/994c458.css]
[tradeit.gg/_/_nuxt/img/invest.0c96a06.html]
[tradeit.gg/_nuxt/css/5b9277e.css]
[tradeit.gg/_nuxt/css/294fcf3.css]
[tradeit.gg/_nuxt/img/item-bg.fd7b4bb.png]
[tradeit.gg/_nuxt/css/6d0f4e7.css]
[tradeit.gg/_nuxt/css/9fc46c4.css]
[tradeit.gg/_nuxt/css/505c688.css]
[tradeit.gg/_nuxt/css/ed29e37.css]
[tradeit.gg/_nuxt/css/60b7008.css]
[tradeit.gg/ru/invest1db3.html]
[tradeit.gg/ru/giveaway1db3.html]
[tradeit.gg/ru/csgo/trade1db3.html]
[tradeit.gg/ru/_/_nuxt/img/invest.0c96a06.html]
[tradeit.gg/es/invest1db3.html]
[tradeit.gg/es/giveaway1db3.html]
[tradeit.gg/es/csgo/trade1db3.html]
[tradeit.gg/es/_/_nuxt/img/invest.0c96a06.html]
[tradeit.gg/pt/invest1db3.html]
[tradeit.gg/pt/giveaway1db3.html]
[tradeit.gg/pt/csgo/trade1db3.html]
[tradeit.gg/pt/_/_nuxt/img/invest.0c96a06.html]
[tradeit.gg/tr/invest1db3.html]
[tradeit.gg/tr/giveaway1db3.html]
[tradeit.gg/tr/csgo/trade1db3.html]
[tradeit.gg/tr/_/_nuxt/img/invest.0c96a06.html]
[tradeit.gg/pl/invest1db3.html]
[tradeit.gg/pl/giveaway1db3.html]
[tradeit.gg/pl/csgo/trade1db3.html]
[tradeit.gg/pl/_/_nuxt/img/invest.0c96a06.html]
[tradeit.gg/zh/invest1db3.html]
[tradeit.gg/zh/giveaway1db3.html]
[tradeit.gg/zh/csgo/trade1db3.html]
[tradeit.gg/zh/_/_nuxt/img/invest.0c96a06.html]
[tradeit.gg/ro/invest1db3.html]
[tradeit.gg/ro/giveaway1db3.html]
[tradeit.gg/ro/csgo/trade1db3.html]
[tradeit.gg/ro/_/_nuxt/img/invest.0c96a06.html]
[tradeit.gg/nl/invest1db3.html]
[tradeit.gg/nl/giveaway1db3.html]
[tradeit.gg/nl/csgo/trade1db3.html]
[tradeit.gg/nl/_/_nuxt/img/invest.0c96a06.html]
[tradeit.gg/sv/invest1db3.html]
[tradeit.gg/sv/giveaway1db3.html]
[tradeit.gg/sv/csgo/trade1db3.html]
[tradeit.gg/sv/_/_nuxt/img/invest.0c96a06.html]
[tradeit.gg/fr/invest1db3.html]
[tradeit.gg/fr/giveaway1db3.html]
[tradeit.gg/fr/csgo/trade1db3.html]
[tradeit.gg/fr/_/_nuxt/img/invest.0c96a06.html]
[tradeit.gg/no/invest1db3.html]
[tradeit.gg/no/giveaway1db3.html]
[tradeit.gg/no/csgo/trade1db3.html]
[tradeit.gg/no/_/_nuxt/img/invest.0c96a06.html]
[tradeit.gg/da/invest1db3.html]
[tradeit.gg/da/giveaway1db3.html]
[tradeit.gg/da/csgo/trade1db3.html]
[tradeit.gg/da/_/_nuxt/img/invest.0c96a06.html]
[tradeit.gg/fi/invest1db3.html]
[tradeit.gg/fi/giveaway1db3.html]
[tradeit.gg/fi/csgo/trade1db3.html]
[tradeit.gg/fi/_/_nuxt/img/invest.0c96a06.html]
